<?xml version="1.0" encoding="UTF-8"?>
<testsuites name="KatalonDemo" time="98.669" tests="5" failures="1" errors="0">
   <testsuite name="KatalonDemo" tests="5" failures="1" errors="0" time="98.669" timestamp="2020-09-24 00:41:57" hostname="Dat - CongDat_PC" id="Test Suites/KatalonDemo">
      <properties>
         <property name="deviceName" value=""/>
         <property name="devicePlatform" value=""/>
         <property name="logFolder" value="C:\\Users\\Dat\\Katalon Studio\\Katalon_Lab1\\Reports\\20200924_004147\\KatalonDemo\\20200924_004147"/>
         <property name="logFiles" value="C:\\Users\\Dat\\Katalon Studio\\Katalon_Lab1\\Reports\\20200924_004147\\KatalonDemo\\20200924_004147\\execution0.log"/>
         <property name="attachments" value="C:\\Users\\Dat\\Katalon Studio\\Katalon_Lab1\\Reports\\20200924_004147\\KatalonDemo\\20200924_004147\\1600882965013.png, C:\\Users\\Dat\\Katalon Studio\\Katalon_Lab1\\Reports\\20200924_004147\\KatalonDemo\\20200924_004147\\1600882965412.png"/>
         <property name="hostName" value="Dat - CongDat_PC"/>
         <property name="os" value="Windows 8.1 64bit"/>
         <property name="katalonVersion" value="7.7.1.205"/>
         <property name="browser" value="Chrome 85.0.4183.121"/>
         <property name="hostAddress" value="192.168.1.16"/>
         <property name="sessionId" value="51f7661ad740edd218c0abe46fa6820c"/>
         <property name="seleniumVersion" value="3.141.59"/>
         <property name="proxyInformation" value="ProxyInformation { proxyOption=NO_PROXY, proxyServerType=HTTP, username=, password=********, proxyServerAddress=, proxyServerPort=0, executionList=&quot;&quot;, isApplyToDesiredCapabilities=true }"/>
         <property name="platform" value="Windows 8.1"/>
      </properties>
      <testcase name="Test Cases/TestLogin_01" time="47.316" classname="Test Cases/TestLogin_01" status="FAILED">
         <failure type="FAILED" message="Test Cases/TestLogin_01 FAILED.
Reason:
com.kms.katalon.core.exception.StepFailedException: Unable to verify object 'Object Repository/Page_Login1/input_Password_password' is present
	at com.kms.katalon.core.webui.keyword.internal.WebUIKeywordMain.stepFailed(WebUIKeywordMain.groovy:64)
	at com.kms.katalon.core.webui.keyword.internal.WebUIKeywordMain.runKeyword(WebUIKeywordMain.groovy:26)
	at com.kms.katalon.core.webui.keyword.builtin.VerifyElementPresentKeyword.verifyElementPresent(VerifyElementPresentKeyword.groovy:92)
	at com.kms.katalon.core.webui.keyword.builtin.VerifyElementPresentKeyword.execute(VerifyElementPresentKeyword.groovy:68)
	at com.kms.katalon.core.keyword.internal.KeywordExecutor.executeKeywordForPlatform(KeywordExecutor.groovy:73)
	at com.kms.katalon.core.webui.keyword.WebUiBuiltInKeywords.verifyElementPresent(WebUiBuiltInKeywords.groovy:1461)
	at com.kms.katalon.core.webui.keyword.WebUiBuiltInKeywords$verifyElementPresent$4.call(Unknown Source)
	at TestLogin_01.run(TestLogin_01:33)
	at com.kms.katalon.core.main.ScriptEngine.run(ScriptEngine.java:194)
	at com.kms.katalon.core.main.ScriptEngine.runScriptAsRawText(ScriptEngine.java:119)
	at com.kms.katalon.core.main.TestCaseExecutor.runScript(TestCaseExecutor.java:339)
	at com.kms.katalon.core.main.TestCaseExecutor.doExecute(TestCaseExecutor.java:330)
	at com.kms.katalon.core.main.TestCaseExecutor.processExecutionPhase(TestCaseExecutor.java:309)
	at com.kms.katalon.core.main.TestCaseExecutor.accessMainPhase(TestCaseExecutor.java:301)
	at com.kms.katalon.core.main.TestCaseExecutor.execute(TestCaseExecutor.java:235)
	at com.kms.katalon.core.main.TestSuiteExecutor.accessTestCaseMainPhase(TestSuiteExecutor.java:191)
	at com.kms.katalon.core.main.TestSuiteExecutor.accessTestSuiteMainPhase(TestSuiteExecutor.java:141)
	at com.kms.katalon.core.main.TestSuiteExecutor.execute(TestSuiteExecutor.java:90)
	at com.kms.katalon.core.main.TestCaseMain.startTestSuite(TestCaseMain.java:157)
	at com.kms.katalon.core.main.TestCaseMain$startTestSuite$0.call(Unknown Source)
	at TempTestSuite1600882907395.run(TempTestSuite1600882907395.groovy:39)
Caused by: com.kms.katalon.core.exception.StepFailedException: com.kms.katalon.core.webui.exception.WebElementNotFoundException: Web element with id: 'Object Repository/Page_Login1/input_Password_password' located by '//input[@id='txt-password']' not found
	at com.kms.katalon.core.webui.keyword.internal.WebUIKeywordMain.stepFailed(WebUIKeywordMain.groovy:64)
	at com.kms.katalon.core.webui.keyword.builtin.VerifyElementPresentKeyword$_verifyElementPresent_closure1.doCall(VerifyElementPresentKeyword.groovy:85)
	at com.kms.katalon.core.webui.keyword.builtin.VerifyElementPresentKeyword$_verifyElementPresent_closure1.call(VerifyElementPresentKeyword.groovy)
	at com.kms.katalon.core.webui.keyword.internal.WebUIKeywordMain.runKeyword(WebUIKeywordMain.groovy:20)
	... 19 more
"/>
         <system-out><![CDATA[2020-09-24 00:41:58 - [TEST_CASE][FAILED] - Test Cases/TestLogin_01: Test Cases/TestLogin_01 FAILED.
Reason:
com.kms.katalon.core.exception.StepFailedException: Unable to verify object 'Object Repository/Page_Login1/input_Password_password' is present
	at com.kms.katalon.core.webui.keyword.internal.WebUIKeywordMain.stepFailed(WebUIKeywordMain.groovy:64)
	at com.kms.katalon.core.webui.keyword.internal.WebUIKeywordMain.runKeyword(WebUIKeywordMain.groovy:26)
	at com.kms.katalon.core.webui.keyword.builtin.VerifyElementPresentKeyword.verifyElementPresent(VerifyElementPresentKeyword.groovy:92)
	at com.kms.katalon.core.webui.keyword.builtin.VerifyElementPresentKeyword.execute(VerifyElementPresentKeyword.groovy:68)
	at com.kms.katalon.core.keyword.internal.KeywordExecutor.executeKeywordForPlatform(KeywordExecutor.groovy:73)
	at com.kms.katalon.core.webui.keyword.WebUiBuiltInKeywords.verifyElementPresent(WebUiBuiltInKeywords.groovy:1461)
	at com.kms.katalon.core.webui.keyword.WebUiBuiltInKeywords$verifyElementPresent$4.call(Unknown Source)
	at TestLogin_01.run(TestLogin_01:33)
	at com.kms.katalon.core.main.ScriptEngine.run(ScriptEngine.java:194)
	at com.kms.katalon.core.main.ScriptEngine.runScriptAsRawText(ScriptEngine.java:119)
	at com.kms.katalon.core.main.TestCaseExecutor.runScript(TestCaseExecutor.java:339)
	at com.kms.katalon.core.main.TestCaseExecutor.doExecute(TestCaseExecutor.java:330)
	at com.kms.katalon.core.main.TestCaseExecutor.processExecutionPhase(TestCaseExecutor.java:309)
	at com.kms.katalon.core.main.TestCaseExecutor.accessMainPhase(TestCaseExecutor.java:301)
	at com.kms.katalon.core.main.TestCaseExecutor.execute(TestCaseExecutor.java:235)
	at com.kms.katalon.core.main.TestSuiteExecutor.accessTestCaseMainPhase(TestSuiteExecutor.java:191)
	at com.kms.katalon.core.main.TestSuiteExecutor.accessTestSuiteMainPhase(TestSuiteExecutor.java:141)
	at com.kms.katalon.core.main.TestSuiteExecutor.execute(TestSuiteExecutor.java:90)
	at com.kms.katalon.core.main.TestCaseMain.startTestSuite(TestCaseMain.java:157)
	at com.kms.katalon.core.main.TestCaseMain$startTestSuite$0.call(Unknown Source)
	at TempTestSuite1600882907395.run(TempTestSuite1600882907395.groovy:39)
Caused by: com.kms.katalon.core.exception.StepFailedException: com.kms.katalon.core.webui.exception.WebElementNotFoundException: Web element with id: 'Object Repository/Page_Login1/input_Password_password' located by '//input[@id='txt-password']' not found
	at com.kms.katalon.core.webui.keyword.internal.WebUIKeywordMain.stepFailed(WebUIKeywordMain.groovy:64)
	at com.kms.katalon.core.webui.keyword.builtin.VerifyElementPresentKeyword$_verifyElementPresent_closure1.doCall(VerifyElementPresentKeyword.groovy:85)
	at com.kms.katalon.core.webui.keyword.builtin.VerifyElementPresentKeyword$_verifyElementPresent_closure1.call(VerifyElementPresentKeyword.groovy)
	at com.kms.katalon.core.webui.keyword.internal.WebUIKeywordMain.runKeyword(WebUIKeywordMain.groovy:20)
	... 19 more


2020-09-24 00:41:59 - [TEST_STEP][PASSED] - openBrowser(""): Browser is opened with url: ''

2020-09-24 00:42:00 - [MESSAGE][INFO] - Starting 'Chrome' driver

2020-09-24 00:42:00 - [MESSAGE][INFO] - Action delay is set to 0 milliseconds

2020-09-24 00:42:04 - [MESSAGE][PASSED] - Browser is opened with url: ''

2020-09-24 00:42:04 - [TEST_STEP][PASSED] - navigateToUrl("https://katalon-demo-cura.herokuapp.com/"): Navigate to 'https://katalon-demo-cura.herokuapp.com/' successfully

2020-09-24 00:42:07 - [MESSAGE][PASSED] - Navigate to 'https://katalon-demo-cura.herokuapp.com/' successfully

2020-09-24 00:42:07 - [TEST_STEP][PASSED] - click(findTestObject("Page_Login1/i_CURA Healthcare_fa fa-bars")): Object: 'Object Repository/Page_Login1/i_CURA Healthcare_fa fa-bars' is clicked on

2020-09-24 00:42:08 - [MESSAGE][PASSED] - Object: 'Object Repository/Page_Login1/i_CURA Healthcare_fa fa-bars' is clicked on

2020-09-24 00:42:08 - [TEST_STEP][PASSED] - click(findTestObject("Page_Login1/a_Login")): Object: 'Object Repository/Page_Login1/a_Login' is clicked on

2020-09-24 00:42:09 - [MESSAGE][PASSED] - Object: 'Object Repository/Page_Login1/a_Login' is clicked on

2020-09-24 00:42:09 - [TEST_STEP][PASSED] - setText(findTestObject("Page_Login1/input_Username_username"), "John Doe"): Text 'John Doe' is set on object 'Object Repository/Page_Login1/input_Username_username'

2020-09-24 00:42:10 - [MESSAGE][PASSED] - Text 'John Doe' is set on object 'Object Repository/Page_Login1/input_Username_username'

2020-09-24 00:42:10 - [TEST_STEP][PASSED] - setEncryptedText(findTestObject("Page_Login1/input_Password_password"), "g3/DOGG74jC3Flrr3yH+3D/yKbOqqUNM"): Text ****** has been set on object 'Object Repository/Page_Login1/input_Password_password'

2020-09-24 00:42:11 - [MESSAGE][PASSED] - Text ****** has been set on object 'Object Repository/Page_Login1/input_Password_password'

2020-09-24 00:42:11 - [TEST_STEP][PASSED] - click(findTestObject("Page_Login1/button_Login")): Object: 'Object Repository/Page_Login1/button_Login' is clicked on

2020-09-24 00:42:13 - [MESSAGE][PASSED] - Object: 'Object Repository/Page_Login1/button_Login' is clicked on

2020-09-24 00:42:13 - [TEST_STEP][FAILED] - verifyElementPresent(findTestObject("Page_Login1/input_Password_password"), 0): Unable to verify object 'Object Repository/Page_Login1/input_Password_password' is present (Root cause: com.kms.katalon.core.exception.StepFailedException: Unable to verify object 'Object Repository/Page_Login1/input_Password_password' is present
	at com.kms.katalon.core.webui.keyword.internal.WebUIKeywordMain.stepFailed(WebUIKeywordMain.groovy:64)
	at com.kms.katalon.core.webui.keyword.internal.WebUIKeywordMain.runKeyword(WebUIKeywordMain.groovy:26)
	at com.kms.katalon.core.webui.keyword.builtin.VerifyElementPresentKeyword.verifyElementPresent(VerifyElementPresentKeyword.groovy:92)
	at com.kms.katalon.core.webui.keyword.builtin.VerifyElementPresentKeyword.execute(VerifyElementPresentKeyword.groovy:68)
	at com.kms.katalon.core.keyword.internal.KeywordExecutor.executeKeywordForPlatform(KeywordExecutor.groovy:73)
	at com.kms.katalon.core.webui.keyword.WebUiBuiltInKeywords.verifyElementPresent(WebUiBuiltInKeywords.groovy:1461)
	at com.kms.katalon.core.webui.keyword.WebUiBuiltInKeywords$verifyElementPresent$4.call(Unknown Source)
	at TestLogin_01.run(TestLogin_01:33)
	at com.kms.katalon.core.main.ScriptEngine.run(ScriptEngine.java:194)
	at com.kms.katalon.core.main.ScriptEngine.runScriptAsRawText(ScriptEngine.java:119)
	at com.kms.katalon.core.main.TestCaseExecutor.runScript(TestCaseExecutor.java:339)
	at com.kms.katalon.core.main.TestCaseExecutor.doExecute(TestCaseExecutor.java:330)
	at com.kms.katalon.core.main.TestCaseExecutor.processExecutionPhase(TestCaseExecutor.java:309)
	at com.kms.katalon.core.main.TestCaseExecutor.accessMainPhase(TestCaseExecutor.java:301)
	at com.kms.katalon.core.main.TestCaseExecutor.execute(TestCaseExecutor.java:235)
	at com.kms.katalon.core.main.TestSuiteExecutor.accessTestCaseMainPhase(TestSuiteExecutor.java:191)
	at com.kms.katalon.core.main.TestSuiteExecutor.accessTestSuiteMainPhase(TestSuiteExecutor.java:141)
	at com.kms.katalon.core.main.TestSuiteExecutor.execute(TestSuiteExecutor.java:90)
	at com.kms.katalon.core.main.TestCaseMain.startTestSuite(TestCaseMain.java:157)
	at com.kms.katalon.core.main.TestCaseMain$startTestSuite$0.call(Unknown Source)
	at TempTestSuite1600882907395.run(TempTestSuite1600882907395.groovy:39)
Caused by: com.kms.katalon.core.exception.StepFailedException: com.kms.katalon.core.webui.exception.WebElementNotFoundException: Web element with id: 'Object Repository/Page_Login1/input_Password_password' located by '//input[@id='txt-password']' not found
	at com.kms.katalon.core.webui.keyword.internal.WebUIKeywordMain.stepFailed(WebUIKeywordMain.groovy:64)
	at com.kms.katalon.core.webui.keyword.builtin.VerifyElementPresentKeyword$_verifyElementPresent_closure1.doCall(VerifyElementPresentKeyword.groovy:85)
	at com.kms.katalon.core.webui.keyword.builtin.VerifyElementPresentKeyword$_verifyElementPresent_closure1.call(VerifyElementPresentKeyword.groovy)
	at com.kms.katalon.core.webui.keyword.internal.WebUIKeywordMain.runKeyword(WebUIKeywordMain.groovy:20)
	... 19 more
)

2020-09-24 00:42:13 - [MESSAGE][WARNING] - Timeout '0' is invalid. Using default page load timeout: '30'

2020-09-24 00:42:45 - [MESSAGE][INFO] - Unable to find the element located by 'By.xpath: //input[@id='txt-password']'. Please recheck the objects properties to make sure the desired element is located. 

2020-09-24 00:42:45 - [MESSAGE][FAILED] - com.kms.katalon.core.webui.exception.WebElementNotFoundException: Web element with id: 'Object Repository/Page_Login1/input_Password_password' located by '//input[@id='txt-password']' not found (Root cause: com.kms.katalon.core.exception.StepFailedException: com.kms.katalon.core.webui.exception.WebElementNotFoundException: Web element with id: 'Object Repository/Page_Login1/input_Password_password' located by '//input[@id='txt-password']' not found
	at com.kms.katalon.core.webui.keyword.internal.WebUIKeywordMain.stepFailed(WebUIKeywordMain.groovy:64)
	at com.kms.katalon.core.webui.keyword.builtin.VerifyElementPresentKeyword$_verifyElementPresent_closure1.doCall(VerifyElementPresentKeyword.groovy:85)
	at com.kms.katalon.core.webui.keyword.builtin.VerifyElementPresentKeyword$_verifyElementPresent_closure1.call(VerifyElementPresentKeyword.groovy)
	at com.kms.katalon.core.webui.keyword.internal.WebUIKeywordMain.runKeyword(WebUIKeywordMain.groovy:20)
	at com.kms.katalon.core.webui.keyword.builtin.VerifyElementPresentKeyword.verifyElementPresent(VerifyElementPresentKeyword.groovy:92)
	at com.kms.katalon.core.webui.keyword.builtin.VerifyElementPresentKeyword.execute(VerifyElementPresentKeyword.groovy:68)
	at com.kms.katalon.core.keyword.internal.KeywordExecutor.executeKeywordForPlatform(KeywordExecutor.groovy:73)
	at com.kms.katalon.core.webui.keyword.WebUiBuiltInKeywords.verifyElementPresent(WebUiBuiltInKeywords.groovy:1461)
	at com.kms.katalon.core.webui.keyword.WebUiBuiltInKeywords$verifyElementPresent$4.call(Unknown Source)
	at TestLogin_01.run(TestLogin_01:33)
	at com.kms.katalon.core.main.ScriptEngine.run(ScriptEngine.java:194)
	at com.kms.katalon.core.main.ScriptEngine.runScriptAsRawText(ScriptEngine.java:119)
	at com.kms.katalon.core.main.TestCaseExecutor.runScript(TestCaseExecutor.java:339)
	at com.kms.katalon.core.main.TestCaseExecutor.doExecute(TestCaseExecutor.java:330)
	at com.kms.katalon.core.main.TestCaseExecutor.processExecutionPhase(TestCaseExecutor.java:309)
	at com.kms.katalon.core.main.TestCaseExecutor.accessMainPhase(TestCaseExecutor.java:301)
	at com.kms.katalon.core.main.TestCaseExecutor.execute(TestCaseExecutor.java:235)
	at com.kms.katalon.core.main.TestSuiteExecutor.accessTestCaseMainPhase(TestSuiteExecutor.java:191)
	at com.kms.katalon.core.main.TestSuiteExecutor.accessTestSuiteMainPhase(TestSuiteExecutor.java:141)
	at com.kms.katalon.core.main.TestSuiteExecutor.execute(TestSuiteExecutor.java:90)
	at com.kms.katalon.core.main.TestCaseMain.startTestSuite(TestCaseMain.java:157)
	at com.kms.katalon.core.main.TestCaseMain$startTestSuite$0.call(Unknown Source)
	at TempTestSuite1600882907395.run(TempTestSuite1600882907395.groovy:39)
)
[[ATTACHMENT|C:\\Users\\Dat\\Katalon Studio\\Katalon_Lab1\\Reports\\20200924_004147\\KatalonDemo\\20200924_004147\\1600882965013.png]]

2020-09-24 00:42:45 - [MESSAGE][FAILED] - Unable to verify object 'Object Repository/Page_Login1/input_Password_password' is present (Root cause: com.kms.katalon.core.exception.StepFailedException: Unable to verify object 'Object Repository/Page_Login1/input_Password_password' is present
	at com.kms.katalon.core.webui.keyword.internal.WebUIKeywordMain.stepFailed(WebUIKeywordMain.groovy:64)
	at com.kms.katalon.core.webui.keyword.internal.WebUIKeywordMain.runKeyword(WebUIKeywordMain.groovy:26)
	at com.kms.katalon.core.webui.keyword.builtin.VerifyElementPresentKeyword.verifyElementPresent(VerifyElementPresentKeyword.groovy:92)
	at com.kms.katalon.core.webui.keyword.builtin.VerifyElementPresentKeyword.execute(VerifyElementPresentKeyword.groovy:68)
	at com.kms.katalon.core.keyword.internal.KeywordExecutor.executeKeywordForPlatform(KeywordExecutor.groovy:73)
	at com.kms.katalon.core.webui.keyword.WebUiBuiltInKeywords.verifyElementPresent(WebUiBuiltInKeywords.groovy:1461)
	at com.kms.katalon.core.webui.keyword.WebUiBuiltInKeywords$verifyElementPresent$4.call(Unknown Source)
	at TestLogin_01.run(TestLogin_01:33)
	at com.kms.katalon.core.main.ScriptEngine.run(ScriptEngine.java:194)
	at com.kms.katalon.core.main.ScriptEngine.runScriptAsRawText(ScriptEngine.java:119)
	at com.kms.katalon.core.main.TestCaseExecutor.runScript(TestCaseExecutor.java:339)
	at com.kms.katalon.core.main.TestCaseExecutor.doExecute(TestCaseExecutor.java:330)
	at com.kms.katalon.core.main.TestCaseExecutor.processExecutionPhase(TestCaseExecutor.java:309)
	at com.kms.katalon.core.main.TestCaseExecutor.accessMainPhase(TestCaseExecutor.java:301)
	at com.kms.katalon.core.main.TestCaseExecutor.execute(TestCaseExecutor.java:235)
	at com.kms.katalon.core.main.TestSuiteExecutor.accessTestCaseMainPhase(TestSuiteExecutor.java:191)
	at com.kms.katalon.core.main.TestSuiteExecutor.accessTestSuiteMainPhase(TestSuiteExecutor.java:141)
	at com.kms.katalon.core.main.TestSuiteExecutor.execute(TestSuiteExecutor.java:90)
	at com.kms.katalon.core.main.TestCaseMain.startTestSuite(TestCaseMain.java:157)
	at com.kms.katalon.core.main.TestCaseMain$startTestSuite$0.call(Unknown Source)
	at TempTestSuite1600882907395.run(TempTestSuite1600882907395.groovy:39)
Caused by: com.kms.katalon.core.exception.StepFailedException: com.kms.katalon.core.webui.exception.WebElementNotFoundException: Web element with id: 'Object Repository/Page_Login1/input_Password_password' located by '//input[@id='txt-password']' not found
	at com.kms.katalon.core.webui.keyword.internal.WebUIKeywordMain.stepFailed(WebUIKeywordMain.groovy:64)
	at com.kms.katalon.core.webui.keyword.builtin.VerifyElementPresentKeyword$_verifyElementPresent_closure1.doCall(VerifyElementPresentKeyword.groovy:85)
	at com.kms.katalon.core.webui.keyword.builtin.VerifyElementPresentKeyword$_verifyElementPresent_closure1.call(VerifyElementPresentKeyword.groovy)
	at com.kms.katalon.core.webui.keyword.internal.WebUIKeywordMain.runKeyword(WebUIKeywordMain.groovy:20)
	... 19 more
)
[[ATTACHMENT|C:\\Users\\Dat\\Katalon Studio\\Katalon_Lab1\\Reports\\20200924_004147\\KatalonDemo\\20200924_004147\\1600882965412.png]]]]></system-out>
         <system-err><![CDATA[2020-09-24 00:41:58 - [TEST_CASE][FAILED] - Test Cases/TestLogin_01: Test Cases/TestLogin_01 FAILED.
Reason:
com.kms.katalon.core.exception.StepFailedException: Unable to verify object 'Object Repository/Page_Login1/input_Password_password' is present
	at com.kms.katalon.core.webui.keyword.internal.WebUIKeywordMain.stepFailed(WebUIKeywordMain.groovy:64)
	at com.kms.katalon.core.webui.keyword.internal.WebUIKeywordMain.runKeyword(WebUIKeywordMain.groovy:26)
	at com.kms.katalon.core.webui.keyword.builtin.VerifyElementPresentKeyword.verifyElementPresent(VerifyElementPresentKeyword.groovy:92)
	at com.kms.katalon.core.webui.keyword.builtin.VerifyElementPresentKeyword.execute(VerifyElementPresentKeyword.groovy:68)
	at com.kms.katalon.core.keyword.internal.KeywordExecutor.executeKeywordForPlatform(KeywordExecutor.groovy:73)
	at com.kms.katalon.core.webui.keyword.WebUiBuiltInKeywords.verifyElementPresent(WebUiBuiltInKeywords.groovy:1461)
	at com.kms.katalon.core.webui.keyword.WebUiBuiltInKeywords$verifyElementPresent$4.call(Unknown Source)
	at TestLogin_01.run(TestLogin_01:33)
	at com.kms.katalon.core.main.ScriptEngine.run(ScriptEngine.java:194)
	at com.kms.katalon.core.main.ScriptEngine.runScriptAsRawText(ScriptEngine.java:119)
	at com.kms.katalon.core.main.TestCaseExecutor.runScript(TestCaseExecutor.java:339)
	at com.kms.katalon.core.main.TestCaseExecutor.doExecute(TestCaseExecutor.java:330)
	at com.kms.katalon.core.main.TestCaseExecutor.processExecutionPhase(TestCaseExecutor.java:309)
	at com.kms.katalon.core.main.TestCaseExecutor.accessMainPhase(TestCaseExecutor.java:301)
	at com.kms.katalon.core.main.TestCaseExecutor.execute(TestCaseExecutor.java:235)
	at com.kms.katalon.core.main.TestSuiteExecutor.accessTestCaseMainPhase(TestSuiteExecutor.java:191)
	at com.kms.katalon.core.main.TestSuiteExecutor.accessTestSuiteMainPhase(TestSuiteExecutor.java:141)
	at com.kms.katalon.core.main.TestSuiteExecutor.execute(TestSuiteExecutor.java:90)
	at com.kms.katalon.core.main.TestCaseMain.startTestSuite(TestCaseMain.java:157)
	at com.kms.katalon.core.main.TestCaseMain$startTestSuite$0.call(Unknown Source)
	at TempTestSuite1600882907395.run(TempTestSuite1600882907395.groovy:39)
Caused by: com.kms.katalon.core.exception.StepFailedException: com.kms.katalon.core.webui.exception.WebElementNotFoundException: Web element with id: 'Object Repository/Page_Login1/input_Password_password' located by '//input[@id='txt-password']' not found
	at com.kms.katalon.core.webui.keyword.internal.WebUIKeywordMain.stepFailed(WebUIKeywordMain.groovy:64)
	at com.kms.katalon.core.webui.keyword.builtin.VerifyElementPresentKeyword$_verifyElementPresent_closure1.doCall(VerifyElementPresentKeyword.groovy:85)
	at com.kms.katalon.core.webui.keyword.builtin.VerifyElementPresentKeyword$_verifyElementPresent_closure1.call(VerifyElementPresentKeyword.groovy)
	at com.kms.katalon.core.webui.keyword.internal.WebUIKeywordMain.runKeyword(WebUIKeywordMain.groovy:20)
	... 19 more]]></system-err>
      </testcase>
      <testcase name="Test Cases/TestLogin_02" time="11.798" classname="Test Cases/TestLogin_02" status="PASSED">
         <system-out><![CDATA[2020-09-24 00:42:46 - [TEST_CASE][PASSED] - Test Cases/TestLogin_02: Test Cases/TestLogin_02

2020-09-24 00:42:46 - [TEST_STEP][PASSED] - openBrowser(""): Browser is opened with url: ''

2020-09-24 00:42:46 - [MESSAGE][WARNING] - A browser is already opened. Closing browser and opening a new one

2020-09-24 00:42:47 - [MESSAGE][INFO] - Starting 'Chrome' driver

2020-09-24 00:42:47 - [MESSAGE][INFO] - Action delay is set to 0 milliseconds

2020-09-24 00:42:50 - [MESSAGE][PASSED] - Browser is opened with url: ''

2020-09-24 00:42:50 - [TEST_STEP][PASSED] - navigateToUrl("https://katalon-demo-cura.herokuapp.com/"): Navigate to 'https://katalon-demo-cura.herokuapp.com/' successfully

2020-09-24 00:42:53 - [MESSAGE][PASSED] - Navigate to 'https://katalon-demo-cura.herokuapp.com/' successfully

2020-09-24 00:42:53 - [TEST_STEP][PASSED] - click(findTestObject("Page_Login2/i_CURA Healthcare_fa fa-bars")): Object: 'Object Repository/Page_Login2/i_CURA Healthcare_fa fa-bars' is clicked on

2020-09-24 00:42:54 - [MESSAGE][PASSED] - Object: 'Object Repository/Page_Login2/i_CURA Healthcare_fa fa-bars' is clicked on

2020-09-24 00:42:54 - [TEST_STEP][PASSED] - click(findTestObject("Page_Login2/a_Login")): Object: 'Object Repository/Page_Login2/a_Login' is clicked on

2020-09-24 00:42:55 - [MESSAGE][PASSED] - Object: 'Object Repository/Page_Login2/a_Login' is clicked on

2020-09-24 00:42:55 - [TEST_STEP][PASSED] - click(findTestObject("Page_Login2/input_Username_username")): Object: 'Object Repository/Page_Login2/input_Username_username' is clicked on

2020-09-24 00:42:55 - [MESSAGE][PASSED] - Object: 'Object Repository/Page_Login2/input_Username_username' is clicked on

2020-09-24 00:42:55 - [TEST_STEP][PASSED] - click(findTestObject("Page_Login2/button_Login")): Object: 'Object Repository/Page_Login2/button_Login' is clicked on

2020-09-24 00:42:57 - [MESSAGE][PASSED] - Object: 'Object Repository/Page_Login2/button_Login' is clicked on

2020-09-24 00:42:57 - [TEST_STEP][PASSED] - closeBrowser(): Browser is closed

2020-09-24 00:42:57 - [MESSAGE][PASSED] - Browser is closed]]></system-out>
         <system-err><![CDATA[]]></system-err>
      </testcase>
      <testcase name="Test Cases/TestLogin_03" time="12.095" classname="Test Cases/TestLogin_03" status="PASSED">
         <system-out><![CDATA[2020-09-24 00:42:57 - [TEST_CASE][PASSED] - Test Cases/TestLogin_03: Test Cases/TestLogin_03

2020-09-24 00:42:58 - [TEST_STEP][PASSED] - openBrowser(""): Browser is opened with url: ''

2020-09-24 00:42:58 - [MESSAGE][INFO] - Starting 'Chrome' driver

2020-09-24 00:42:58 - [MESSAGE][INFO] - Action delay is set to 0 milliseconds

2020-09-24 00:43:00 - [MESSAGE][PASSED] - Browser is opened with url: ''

2020-09-24 00:43:00 - [TEST_STEP][PASSED] - navigateToUrl("https://katalon-demo-cura.herokuapp.com/"): Navigate to 'https://katalon-demo-cura.herokuapp.com/' successfully

2020-09-24 00:43:04 - [MESSAGE][PASSED] - Navigate to 'https://katalon-demo-cura.herokuapp.com/' successfully

2020-09-24 00:43:04 - [TEST_STEP][PASSED] - click(findTestObject("Page_Login3/i_CURA Healthcare_fa fa-bars")): Object: 'Object Repository/Page_Login3/i_CURA Healthcare_fa fa-bars' is clicked on

2020-09-24 00:43:05 - [MESSAGE][PASSED] - Object: 'Object Repository/Page_Login3/i_CURA Healthcare_fa fa-bars' is clicked on

2020-09-24 00:43:05 - [TEST_STEP][PASSED] - click(findTestObject("Page_Login3/a_Login")): Object: 'Object Repository/Page_Login3/a_Login' is clicked on

2020-09-24 00:43:06 - [MESSAGE][PASSED] - Object: 'Object Repository/Page_Login3/a_Login' is clicked on

2020-09-24 00:43:06 - [TEST_STEP][PASSED] - setText(findTestObject("Page_Login3/input_Username_username"), "John Doe"): Text 'John Doe' is set on object 'Object Repository/Page_Login3/input_Username_username'

2020-09-24 00:43:08 - [MESSAGE][PASSED] - Text 'John Doe' is set on object 'Object Repository/Page_Login3/input_Username_username'

2020-09-24 00:43:08 - [TEST_STEP][PASSED] - click(findTestObject("Page_Login3/button_Login")): Object: 'Object Repository/Page_Login3/button_Login' is clicked on

2020-09-24 00:43:09 - [MESSAGE][PASSED] - Object: 'Object Repository/Page_Login3/button_Login' is clicked on

2020-09-24 00:43:09 - [TEST_STEP][PASSED] - closeBrowser(): Browser is closed

2020-09-24 00:43:10 - [MESSAGE][PASSED] - Browser is closed]]></system-out>
         <system-err><![CDATA[]]></system-err>
      </testcase>
      <testcase name="Test Cases/TestLogin_04" time="11.728" classname="Test Cases/TestLogin_04" status="PASSED">
         <system-out><![CDATA[2020-09-24 00:43:10 - [TEST_CASE][PASSED] - Test Cases/TestLogin_04: Test Cases/TestLogin_04

2020-09-24 00:43:10 - [TEST_STEP][PASSED] - openBrowser(""): Browser is opened with url: ''

2020-09-24 00:43:10 - [MESSAGE][INFO] - Starting 'Chrome' driver

2020-09-24 00:43:10 - [MESSAGE][INFO] - Action delay is set to 0 milliseconds

2020-09-24 00:43:12 - [MESSAGE][PASSED] - Browser is opened with url: ''

2020-09-24 00:43:12 - [TEST_STEP][PASSED] - navigateToUrl("https://katalon-demo-cura.herokuapp.com/"): Navigate to 'https://katalon-demo-cura.herokuapp.com/' successfully

2020-09-24 00:43:15 - [MESSAGE][PASSED] - Navigate to 'https://katalon-demo-cura.herokuapp.com/' successfully

2020-09-24 00:43:15 - [TEST_STEP][PASSED] - click(findTestObject("Page_Login4/a_CURA Healthcare_menu-toggle")): Object: 'Object Repository/Page_Login4/a_CURA Healthcare_menu-toggle' is clicked on

2020-09-24 00:43:16 - [MESSAGE][PASSED] - Object: 'Object Repository/Page_Login4/a_CURA Healthcare_menu-toggle' is clicked on

2020-09-24 00:43:16 - [TEST_STEP][PASSED] - click(findTestObject("Page_Login4/a_Login")): Object: 'Object Repository/Page_Login4/a_Login' is clicked on

2020-09-24 00:43:17 - [MESSAGE][PASSED] - Object: 'Object Repository/Page_Login4/a_Login' is clicked on

2020-09-24 00:43:17 - [TEST_STEP][PASSED] - click(findTestObject("Page_Login4/div_Demo account_form-group")): Object: 'Object Repository/Page_Login4/div_Demo account_form-group' is clicked on

2020-09-24 00:43:18 - [MESSAGE][PASSED] - Object: 'Object Repository/Page_Login4/div_Demo account_form-group' is clicked on

2020-09-24 00:43:18 - [TEST_STEP][PASSED] - setEncryptedText(findTestObject("Page_Login4/input_Password_password"), "FRTYm5QKkOAOfjhP2ZrM1agzYlNzbyV3mmRx72Kg8dF1Ja0qe+WOTCsU2C6gjQk6bCygrhzD/04="): Text ****** has been set on object 'Object Repository/Page_Login4/input_Password_password'

2020-09-24 00:43:18 - [MESSAGE][PASSED] - Text ****** has been set on object 'Object Repository/Page_Login4/input_Password_password'

2020-09-24 00:43:18 - [TEST_STEP][PASSED] - click(findTestObject("Page_Login4/button_Login")): Object: 'Object Repository/Page_Login4/button_Login' is clicked on

2020-09-24 00:43:20 - [MESSAGE][PASSED] - Object: 'Object Repository/Page_Login4/button_Login' is clicked on

2020-09-24 00:43:20 - [TEST_STEP][PASSED] - click(findTestObject("Page_Login4/a_CURA Healthcare_menu-toggle")): Object: 'Object Repository/Page_Login4/a_CURA Healthcare_menu-toggle' is clicked on

2020-09-24 00:43:20 - [MESSAGE][PASSED] - Object: 'Object Repository/Page_Login4/a_CURA Healthcare_menu-toggle' is clicked on

2020-09-24 00:43:20 - [TEST_STEP][PASSED] - click(findTestObject("Page_Login4/a_Home")): Object: 'Object Repository/Page_Login4/a_Home' is clicked on

2020-09-24 00:43:21 - [MESSAGE][PASSED] - Object: 'Object Repository/Page_Login4/a_Home' is clicked on]]></system-out>
         <system-err><![CDATA[]]></system-err>
      </testcase>
      <testcase name="Test Cases/TestLogin_05" time="13.753" classname="Test Cases/TestLogin_05" status="PASSED">
         <system-out><![CDATA[2020-09-24 00:43:21 - [TEST_CASE][PASSED] - Test Cases/TestLogin_05: Test Cases/TestLogin_05

2020-09-24 00:43:22 - [TEST_STEP][PASSED] - openBrowser(""): Browser is opened with url: ''

2020-09-24 00:43:22 - [MESSAGE][WARNING] - A browser is already opened. Closing browser and opening a new one

2020-09-24 00:43:23 - [MESSAGE][INFO] - Starting 'Chrome' driver

2020-09-24 00:43:23 - [MESSAGE][INFO] - Action delay is set to 0 milliseconds

2020-09-24 00:43:25 - [MESSAGE][PASSED] - Browser is opened with url: ''

2020-09-24 00:43:25 - [TEST_STEP][PASSED] - navigateToUrl("https://katalon-demo-cura.herokuapp.com/"): Navigate to 'https://katalon-demo-cura.herokuapp.com/' successfully

2020-09-24 00:43:28 - [MESSAGE][PASSED] - Navigate to 'https://katalon-demo-cura.herokuapp.com/' successfully

2020-09-24 00:43:28 - [TEST_STEP][PASSED] - click(findTestObject("Page_Login5/a_CURA Healthcare_menu-toggle")): Object: 'Object Repository/Page_Login5/a_CURA Healthcare_menu-toggle' is clicked on

2020-09-24 00:43:28 - [MESSAGE][PASSED] - Object: 'Object Repository/Page_Login5/a_CURA Healthcare_menu-toggle' is clicked on

2020-09-24 00:43:28 - [TEST_STEP][PASSED] - click(findTestObject("Page_Login5/a_Login")): Object: 'Object Repository/Page_Login5/a_Login' is clicked on

2020-09-24 00:43:30 - [MESSAGE][PASSED] - Object: 'Object Repository/Page_Login5/a_Login' is clicked on

2020-09-24 00:43:30 - [TEST_STEP][PASSED] - setText(findTestObject("Page_Login5/input_Username_username"), "Dat"): Text 'Dat' is set on object 'Object Repository/Page_Login5/input_Username_username'

2020-09-24 00:43:31 - [MESSAGE][PASSED] - Text 'Dat' is set on object 'Object Repository/Page_Login5/input_Username_username'

2020-09-24 00:43:31 - [TEST_STEP][PASSED] - setEncryptedText(findTestObject("Page_Login5/input_Password_password"), "3OGhatPELT8="): Text ****** has been set on object 'Object Repository/Page_Login5/input_Password_password'

2020-09-24 00:43:32 - [MESSAGE][PASSED] - Text ****** has been set on object 'Object Repository/Page_Login5/input_Password_password'

2020-09-24 00:43:32 - [TEST_STEP][PASSED] - setText(findTestObject("Page_Login5/input_Username_username"), " John Doe"): Text ' John Doe' is set on object 'Object Repository/Page_Login5/input_Username_username'

2020-09-24 00:43:32 - [MESSAGE][PASSED] - Text ' John Doe' is set on object 'Object Repository/Page_Login5/input_Username_username'

2020-09-24 00:43:32 - [TEST_STEP][PASSED] - setEncryptedText(findTestObject("Page_Login5/input_Password_password"), "g3/DOGG74jBMMAeTJMCoNgksMJtNT2rn"): Text ****** has been set on object 'Object Repository/Page_Login5/input_Password_password'

2020-09-24 00:43:33 - [MESSAGE][PASSED] - Text ****** has been set on object 'Object Repository/Page_Login5/input_Password_password'

2020-09-24 00:43:33 - [TEST_STEP][PASSED] - click(findTestObject("Page_Login5/button_Login")): Object: 'Object Repository/Page_Login5/button_Login' is clicked on

2020-09-24 00:43:34 - [MESSAGE][PASSED] - Object: 'Object Repository/Page_Login5/button_Login' is clicked on

2020-09-24 00:43:34 - [TEST_STEP][PASSED] - closeBrowser(): Browser is closed

2020-09-24 00:43:35 - [MESSAGE][PASSED] - Browser is closed]]></system-out>
         <system-err><![CDATA[]]></system-err>
      </testcase>
      <system-out><![CDATA[2020-09-24 00:41:57 - [TEST_SUITE][FAILED] - KatalonDemo: Test Cases/TestLogin_01 FAILED.
Reason:
com.kms.katalon.core.exception.StepFailedException: Unable to verify object 'Object Repository/Page_Login1/input_Password_password' is present
	at com.kms.katalon.core.webui.keyword.internal.WebUIKeywordMain.stepFailed(WebUIKeywordMain.groovy:64)
	at com.kms.katalon.core.webui.keyword.internal.WebUIKeywordMain.runKeyword(WebUIKeywordMain.groovy:26)
	at com.kms.katalon.core.webui.keyword.builtin.VerifyElementPresentKeyword.verifyElementPresent(VerifyElementPresentKeyword.groovy:92)
	at com.kms.katalon.core.webui.keyword.builtin.VerifyElementPresentKeyword.execute(VerifyElementPresentKeyword.groovy:68)
	at com.kms.katalon.core.keyword.internal.KeywordExecutor.executeKeywordForPlatform(KeywordExecutor.groovy:73)
	at com.kms.katalon.core.webui.keyword.WebUiBuiltInKeywords.verifyElementPresent(WebUiBuiltInKeywords.groovy:1461)
	at com.kms.katalon.core.webui.keyword.WebUiBuiltInKeywords$verifyElementPresent$4.call(Unknown Source)
	at TestLogin_01.run(TestLogin_01:33)
	at com.kms.katalon.core.main.ScriptEngine.run(ScriptEngine.java:194)
	at com.kms.katalon.core.main.ScriptEngine.runScriptAsRawText(ScriptEngine.java:119)
	at com.kms.katalon.core.main.TestCaseExecutor.runScript(TestCaseExecutor.java:339)
	at com.kms.katalon.core.main.TestCaseExecutor.doExecute(TestCaseExecutor.java:330)
	at com.kms.katalon.core.main.TestCaseExecutor.processExecutionPhase(TestCaseExecutor.java:309)
	at com.kms.katalon.core.main.TestCaseExecutor.accessMainPhase(TestCaseExecutor.java:301)
	at com.kms.katalon.core.main.TestCaseExecutor.execute(TestCaseExecutor.java:235)
	at com.kms.katalon.core.main.TestSuiteExecutor.accessTestCaseMainPhase(TestSuiteExecutor.java:191)
	at com.kms.katalon.core.main.TestSuiteExecutor.accessTestSuiteMainPhase(TestSuiteExecutor.java:141)
	at com.kms.katalon.core.main.TestSuiteExecutor.execute(TestSuiteExecutor.java:90)
	at com.kms.katalon.core.main.TestCaseMain.startTestSuite(TestCaseMain.java:157)
	at com.kms.katalon.core.main.TestCaseMain$startTestSuite$0.call(Unknown Source)
	at TempTestSuite1600882907395.run(TempTestSuite1600882907395.groovy:39)
Caused by: com.kms.katalon.core.exception.StepFailedException: com.kms.katalon.core.webui.exception.WebElementNotFoundException: Web element with id: 'Object Repository/Page_Login1/input_Password_password' located by '//input[@id='txt-password']' not found
	at com.kms.katalon.core.webui.keyword.internal.WebUIKeywordMain.stepFailed(WebUIKeywordMain.groovy:64)
	at com.kms.katalon.core.webui.keyword.builtin.VerifyElementPresentKeyword$_verifyElementPresent_closure1.doCall(VerifyElementPresentKeyword.groovy:85)
	at com.kms.katalon.core.webui.keyword.builtin.VerifyElementPresentKeyword$_verifyElementPresent_closure1.call(VerifyElementPresentKeyword.groovy)
	at com.kms.katalon.core.webui.keyword.internal.WebUIKeywordMain.runKeyword(WebUIKeywordMain.groovy:20)
	... 19 more]]></system-out>
      <system-err><![CDATA[2020-09-24 00:41:57 - [TEST_SUITE][FAILED] - KatalonDemo: Test Cases/TestLogin_01 FAILED.
Reason:
com.kms.katalon.core.exception.StepFailedException: Unable to verify object 'Object Repository/Page_Login1/input_Password_password' is present
	at com.kms.katalon.core.webui.keyword.internal.WebUIKeywordMain.stepFailed(WebUIKeywordMain.groovy:64)
	at com.kms.katalon.core.webui.keyword.internal.WebUIKeywordMain.runKeyword(WebUIKeywordMain.groovy:26)
	at com.kms.katalon.core.webui.keyword.builtin.VerifyElementPresentKeyword.verifyElementPresent(VerifyElementPresentKeyword.groovy:92)
	at com.kms.katalon.core.webui.keyword.builtin.VerifyElementPresentKeyword.execute(VerifyElementPresentKeyword.groovy:68)
	at com.kms.katalon.core.keyword.internal.KeywordExecutor.executeKeywordForPlatform(KeywordExecutor.groovy:73)
	at com.kms.katalon.core.webui.keyword.WebUiBuiltInKeywords.verifyElementPresent(WebUiBuiltInKeywords.groovy:1461)
	at com.kms.katalon.core.webui.keyword.WebUiBuiltInKeywords$verifyElementPresent$4.call(Unknown Source)
	at TestLogin_01.run(TestLogin_01:33)
	at com.kms.katalon.core.main.ScriptEngine.run(ScriptEngine.java:194)
	at com.kms.katalon.core.main.ScriptEngine.runScriptAsRawText(ScriptEngine.java:119)
	at com.kms.katalon.core.main.TestCaseExecutor.runScript(TestCaseExecutor.java:339)
	at com.kms.katalon.core.main.TestCaseExecutor.doExecute(TestCaseExecutor.java:330)
	at com.kms.katalon.core.main.TestCaseExecutor.processExecutionPhase(TestCaseExecutor.java:309)
	at com.kms.katalon.core.main.TestCaseExecutor.accessMainPhase(TestCaseExecutor.java:301)
	at com.kms.katalon.core.main.TestCaseExecutor.execute(TestCaseExecutor.java:235)
	at com.kms.katalon.core.main.TestSuiteExecutor.accessTestCaseMainPhase(TestSuiteExecutor.java:191)
	at com.kms.katalon.core.main.TestSuiteExecutor.accessTestSuiteMainPhase(TestSuiteExecutor.java:141)
	at com.kms.katalon.core.main.TestSuiteExecutor.execute(TestSuiteExecutor.java:90)
	at com.kms.katalon.core.main.TestCaseMain.startTestSuite(TestCaseMain.java:157)
	at com.kms.katalon.core.main.TestCaseMain$startTestSuite$0.call(Unknown Source)
	at TempTestSuite1600882907395.run(TempTestSuite1600882907395.groovy:39)
Caused by: com.kms.katalon.core.exception.StepFailedException: com.kms.katalon.core.webui.exception.WebElementNotFoundException: Web element with id: 'Object Repository/Page_Login1/input_Password_password' located by '//input[@id='txt-password']' not found
	at com.kms.katalon.core.webui.keyword.internal.WebUIKeywordMain.stepFailed(WebUIKeywordMain.groovy:64)
	at com.kms.katalon.core.webui.keyword.builtin.VerifyElementPresentKeyword$_verifyElementPresent_closure1.doCall(VerifyElementPresentKeyword.groovy:85)
	at com.kms.katalon.core.webui.keyword.builtin.VerifyElementPresentKeyword$_verifyElementPresent_closure1.call(VerifyElementPresentKeyword.groovy)
	at com.kms.katalon.core.webui.keyword.internal.WebUIKeywordMain.runKeyword(WebUIKeywordMain.groovy:20)
	... 19 more]]></system-err>
   </testsuite>
</testsuites>
